Using MPI version 3.1, 10 processes
wavelength = 0.5 um
slab size = 0.14 um
center frequency = 2.0 1/um
slit_flux_output_region y coordinate = 0.14500000000000002 um
slab center y coordinate = 0.07 um
-----------
Initializing structure...
Working in 2D dimensions.
Computational cell is 8 x 4 x 0 with resolution 200
     block, center = (0,0.07,0)
          size (1e+20,0.14,1e+20)
          axes (1,0,0), (0,1,0), (0,0,1)
          dielectric constant epsilon diagonal = (1,1,1)
time for set_epsilon = 0.131742 s
lorentzian susceptibility: frequency=7.32593, gamma=0.738804
lorentzian susceptibility: frequency=6.60165, gamma=0.052426
lorentzian susceptibility: frequency=3.61417, gamma=0.364563
lorentzian susceptibility: frequency=0.658148, gamma=3.13427
drude susceptibility: frequency=1e-10, gamma=0.0387146
-----------
Meep: using output directory 'slab_noslit-out'
creating output file "slab_noslit-out/ldos_nanoslab_pmp-eps-000000000.h5"...
on time step 21 (time=0.0525), 0.190767 s/step
on time step 43 (time=0.1075), 0.187997 s/step
on time step 64 (time=0.16), 0.196952 s/step
on time step 86 (time=0.215), 0.181915 s/step
on time step 106 (time=0.265), 0.207383 s/step
on time step 128 (time=0.32), 0.190514 s/step
on time step 149 (time=0.3725), 0.194419 s/step
on time step 170 (time=0.425), 0.199005 s/step
on time step 190 (time=0.475), 0.203703 s/step
on time step 212 (time=0.53), 0.183985 s/step
on time step 235 (time=0.5875), 0.182695 s/step
on time step 254 (time=0.635), 0.220731 s/step
on time step 274 (time=0.685), 0.209553 s/step
on time step 295 (time=0.7375), 0.198776 s/step
on time step 317 (time=0.7925), 0.186807 s/step
on time step 336 (time=0.84), 0.218998 s/step
on time step 359 (time=0.8975), 0.180173 s/step
on time step 379 (time=0.9475), 0.20299 s/step
on time step 401 (time=1.0025), 0.187826 s/step
on time step 420 (time=1.05), 0.211096 s/step
on time step 442 (time=1.105), 0.191961 s/step
on time step 462 (time=1.155), 0.209007 s/step
on time step 485 (time=1.2125), 0.17851 s/step
on time step 507 (time=1.2675), 0.184586 s/step
on time step 527 (time=1.3175), 0.206363 s/step
on time step 549 (time=1.3725), 0.182723 s/step
on time step 572 (time=1.43), 0.177043 s/step
on time step 595 (time=1.4875), 0.180439 s/step
on time step 617 (time=1.5425), 0.187906 s/step
on time step 640 (time=1.6), 0.175524 s/step
on time step 665 (time=1.6625), 0.162116 s/step
on time step 684 (time=1.71), 0.213098 s/step
on time step 705 (time=1.7625), 0.19543 s/step
on time step 724 (time=1.81), 0.217741 s/step
on time step 748 (time=1.87), 0.169119 s/step
on time step 767 (time=1.9175), 0.214311 s/step
on time step 788 (time=1.97), 0.196378 s/step
on time step 810 (time=2.025), 0.189906 s/step
on time step 833 (time=2.0825), 0.177267 s/step
on time step 855 (time=2.1375), 0.182311 s/step
