wavelength = 0.5 um
slab size = 0.055 um
center frequency = 2.0 1/um
slit_flux_output_region y coordinate = 0.06 um
slab center y coordinate = 0.0275 um
-----------
Initializing structure...
Working in 2D dimensions.
Computational cell is 8 x 4 x 0 with resolution 200
     block, center = (0,0.0275,0)
          size (1e+20,0.055,1e+20)
          axes (1,0,0), (0,1,0), (0,0,1)
          dielectric constant epsilon diagonal = (1,1,1)
time for set_epsilon = 3.02755 s
lorentzian susceptibility: frequency=7.32593, gamma=0.738804
lorentzian susceptibility: frequency=6.60165, gamma=0.052426
lorentzian susceptibility: frequency=3.61417, gamma=0.364563
lorentzian susceptibility: frequency=0.658148, gamma=3.13427
drude susceptibility: frequency=1e-10, gamma=0.0387146
-----------
Meep: using output directory 'slab_noslit-out'
creating output file "slab_noslit-out/ldos_nanoslab_pmp-eps-000000000.h5"...
on time step 39 (time=0.0975), 0.104567 s/step
on time step 81 (time=0.2025), 0.0962661 s/step
on time step 124 (time=0.31), 0.0948913 s/step
on time step 166 (time=0.415), 0.0953646 s/step
on time step 209 (time=0.5225), 0.0949077 s/step
on time step 251 (time=0.6275), 0.0952616 s/step
on time step 294 (time=0.735), 0.0947691 s/step
on time step 337 (time=0.8425), 0.0945862 s/step
on time step 379 (time=0.9475), 0.0974502 s/step
on time step 420 (time=1.05), 0.0977114 s/step
on time step 462 (time=1.155), 0.0953852 s/step
on time step 501 (time=1.2525), 0.103004 s/step
on time step 542 (time=1.355), 0.0998543 s/step
on time step 583 (time=1.4575), 0.0991242 s/step
on time step 625 (time=1.5625), 0.0974212 s/step
on time step 667 (time=1.6675), 0.0954572 s/step
on time step 709 (time=1.7725), 0.0968421 s/step
on time step 751 (time=1.8775), 0.0969672 s/step
on time step 792 (time=1.98), 0.0981821 s/step
on time step 835 (time=2.0875), 0.0948384 s/step
on time step 878 (time=2.195), 0.0952029 s/step
on time step 921 (time=2.3025), 0.0950788 s/step
on time step 964 (time=2.41), 0.0946437 s/step
on time step 1006 (time=2.515), 0.0968987 s/step
on time step 1048 (time=2.62), 0.0957693 s/step
on time step 1090 (time=2.725), 0.0960807 s/step
on time step 1132 (time=2.83), 0.0952993 s/step
on time step 1175 (time=2.9375), 0.0950077 s/step
on time step 1218 (time=3.045), 0.0946446 s/step
on time step 1260 (time=3.15), 0.0966916 s/step
on time step 1302 (time=3.255), 0.0961034 s/step
on time step 1344 (time=3.36), 0.0968937 s/step
on time step 1386 (time=3.465), 0.0953805 s/step
on time step 1428 (time=3.57), 0.0955031 s/step
on time step 1471 (time=3.6775), 0.0949503 s/step
on time step 1514 (time=3.785), 0.095128 s/step
on time step 1556 (time=3.89), 0.0959636 s/step
on time step 1598 (time=3.995), 0.0957059 s/step
on time step 1640 (time=4.1), 0.0956144 s/step
on time step 1683 (time=4.2075), 0.095201 s/step
on time step 1726 (time=4.315), 0.0946266 s/step
on time step 1769 (time=4.4225), 0.0943629 s/step
on time step 1812 (time=4.53), 0.0944439 s/step
on time step 1855 (time=4.6375), 0.0945275 s/step
on time step 1897 (time=4.7425), 0.0954072 s/step
on time step 1939 (time=4.8475), 0.0954936 s/step
on time step 1981 (time=4.9525), 0.0956166 s/step
on time step 2023 (time=5.0575), 0.0965366 s/step
on time step 2066 (time=5.165), 0.0946965 s/step
on time step 2109 (time=5.2725), 0.0945191 s/step
on time step 2152 (time=5.38), 0.0944243 s/step
on time step 2195 (time=5.4875), 0.094799 s/step
on time step 2237 (time=5.5925), 0.0965752 s/step
on time step 2278 (time=5.695), 0.0983537 s/step
on time step 2320 (time=5.8), 0.0976053 s/step
on time step 2362 (time=5.905), 0.0961971 s/step
on time step 2403 (time=6.0075), 0.0987402 s/step
on time step 2445 (time=6.1125), 0.0961456 s/step
on time step 2486 (time=6.215), 0.098122 s/step
on time step 2527 (time=6.3175), 0.0978723 s/step
on time step 2569 (time=6.4225), 0.0958665 s/step
on time step 2611 (time=6.5275), 0.096732 s/step
on time step 2653 (time=6.6325), 0.0967841 s/step
on time step 2696 (time=6.74), 0.0943366 s/step
on time step 2737 (time=6.8425), 0.0982999 s/step
on time step 2778 (time=6.945), 0.0989901 s/step
on time step 2821 (time=7.0525), 0.0950209 s/step
on time step 2863 (time=7.1575), 0.0957273 s/step
on time step 2906 (time=7.265), 0.094955 s/step
on time step 2948 (time=7.37), 0.0965886 s/step
on time step 2989 (time=7.4725), 0.0979356 s/step
on time step 3030 (time=7.575), 0.098261 s/step
on time step 3072 (time=7.68), 0.0958157 s/step
on time step 3115 (time=7.7875), 0.0944581 s/step
on time step 3156 (time=7.89), 0.0981587 s/step
on time step 3199 (time=7.9975), 0.094659 s/step
on time step 3242 (time=8.105), 0.0947848 s/step
on time step 3283 (time=8.2075), 0.0987572 s/step
on time step 3324 (time=8.31), 0.0983659 s/step
on time step 3366 (time=8.415), 0.0966986 s/step
on time step 3406 (time=8.515), 0.101237 s/step
on time step 3449 (time=8.6225), 0.0948158 s/step
on time step 3491 (time=8.7275), 0.096468 s/step
on time step 3534 (time=8.835), 0.0948848 s/step
on time step 3575 (time=8.9375), 0.0979729 s/step
on time step 3617 (time=9.0425), 0.097252 s/step
on time step 3659 (time=9.1475), 0.0965399 s/step
on time step 3701 (time=9.2525), 0.0953243 s/step
on time step 3744 (time=9.36), 0.0943741 s/step
on time step 3787 (time=9.4675), 0.0950087 s/step
on time step 3829 (time=9.5725), 0.0961635 s/step
on time step 3871 (time=9.6775), 0.095575 s/step
on time step 3913 (time=9.7825), 0.0954152 s/step
on time step 3955 (time=9.8875), 0.0961066 s/step
on time step 3998 (time=9.995), 0.0949218 s/step
field decay(t = 10.0025): 0.240184810133906 / 0.240184810133906 = 1.0
on time step 4040 (time=10.1), 0.0954671 s/step
on time step 4083 (time=10.2075), 0.0952184 s/step
on time step 4126 (time=10.315), 0.0948291 s/step
on time step 4169 (time=10.4225), 0.0942691 s/step
on time step 4212 (time=10.53), 0.0950894 s/step
on time step 4255 (time=10.6375), 0.0950025 s/step
on time step 4298 (time=10.745), 0.094877 s/step
on time step 4339 (time=10.8475), 0.0981075 s/step
on time step 4381 (time=10.9525), 0.0960962 s/step
on time step 4422 (time=11.055), 0.0975667 s/step
on time step 4463 (time=11.1575), 0.0995731 s/step
on time step 4504 (time=11.26), 0.097564 s/step
on time step 4547 (time=11.3675), 0.0946959 s/step
on time step 4589 (time=11.4725), 0.0954834 s/step
on time step 4632 (time=11.58), 0.0952062 s/step
on time step 4674 (time=11.685), 0.0962322 s/step
on time step 4716 (time=11.79), 0.0953471 s/step
on time step 4758 (time=11.895), 0.0965582 s/step
on time step 4801 (time=12.0025), 0.0944537 s/step
on time step 4844 (time=12.11), 0.0942029 s/step
on time step 4887 (time=12.2175), 0.095215 s/step
on time step 4929 (time=12.3225), 0.096136 s/step
on time step 4972 (time=12.43), 0.0942914 s/step
on time step 5015 (time=12.5375), 0.0943138 s/step
on time step 5057 (time=12.6425), 0.0952949 s/step
on time step 5099 (time=12.7475), 0.0953686 s/step
on time step 5142 (time=12.855), 0.0948668 s/step
on time step 5185 (time=12.9625), 0.0942429 s/step
on time step 5227 (time=13.0675), 0.0966247 s/step
on time step 5270 (time=13.175), 0.0951414 s/step
on time step 5312 (time=13.28), 0.0974409 s/step
on time step 5354 (time=13.385), 0.0959491 s/step
on time step 5396 (time=13.49), 0.0972065 s/step
on time step 5437 (time=13.5925), 0.0976938 s/step
on time step 5478 (time=13.695), 0.0991612 s/step
on time step 5518 (time=13.795), 0.100881 s/step
on time step 5559 (time=13.8975), 0.0978486 s/step
on time step 5600 (time=14), 0.0996517 s/step
on time step 5643 (time=14.1075), 0.0940869 s/step
on time step 5686 (time=14.215), 0.095193 s/step
on time step 5726 (time=14.315), 0.10019 s/step
on time step 5769 (time=14.4225), 0.0951299 s/step
on time step 5811 (time=14.5275), 0.0963447 s/step
on time step 5853 (time=14.6325), 0.0960492 s/step
on time step 5895 (time=14.7375), 0.0961251 s/step
on time step 5937 (time=14.8425), 0.0963355 s/step
on time step 5978 (time=14.945), 0.0990778 s/step
on time step 6018 (time=15.045), 0.101582 s/step
on time step 6059 (time=15.1475), 0.098005 s/step
on time step 6100 (time=15.25), 0.0976411 s/step
on time step 6142 (time=15.355), 0.0954678 s/step
on time step 6184 (time=15.46), 0.0963907 s/step
on time step 6226 (time=15.565), 0.0968671 s/step
on time step 6268 (time=15.67), 0.0961046 s/step
on time step 6309 (time=15.7725), 0.0976331 s/step
on time step 6351 (time=15.8775), 0.09651 s/step
on time step 6393 (time=15.9825), 0.0962735 s/step
on time step 6435 (time=16.0875), 0.0957054 s/step
on time step 6477 (time=16.1925), 0.0952585 s/step
on time step 6519 (time=16.2975), 0.0957981 s/step
on time step 6561 (time=16.4025), 0.0953433 s/step
on time step 6603 (time=16.5075), 0.0964599 s/step
on time step 6646 (time=16.615), 0.0943524 s/step
on time step 6689 (time=16.7225), 0.0947422 s/step
on time step 6731 (time=16.8275), 0.0975009 s/step
on time step 6768 (time=16.92), 0.109516 s/step
on time step 6811 (time=17.0275), 0.095088 s/step
on time step 6852 (time=17.13), 0.0996446 s/step
on time step 6893 (time=17.2325), 0.0983338 s/step
on time step 6935 (time=17.3375), 0.0954261 s/step
on time step 6978 (time=17.445), 0.0950287 s/step
on time step 7020 (time=17.55), 0.0971284 s/step
on time step 7062 (time=17.655), 0.0963767 s/step
on time step 7104 (time=17.76), 0.0972357 s/step
on time step 7143 (time=17.8575), 0.10436 s/step
on time step 7183 (time=17.9575), 0.100996 s/step
on time step 7221 (time=18.0525), 0.106583 s/step
on time step 7260 (time=18.15), 0.103225 s/step
on time step 7300 (time=18.25), 0.102306 s/step
on time step 7338 (time=18.345), 0.106829 s/step
on time step 7377 (time=18.4425), 0.103013 s/step
on time step 7418 (time=18.545), 0.0984235 s/step
on time step 7459 (time=18.6475), 0.0978421 s/step
on time step 7500 (time=18.75), 0.0980256 s/step
on time step 7539 (time=18.8475), 0.102862 s/step
on time step 7580 (time=18.95), 0.0984409 s/step
on time step 7622 (time=19.055), 0.0970883 s/step
on time step 7665 (time=19.1625), 0.094223 s/step
on time step 7706 (time=19.265), 0.0995511 s/step
on time step 7745 (time=19.3625), 0.104649 s/step
on time step 7788 (time=19.47), 0.0954372 s/step
on time step 7827 (time=19.5675), 0.105216 s/step
on time step 7866 (time=19.665), 0.103075 s/step
on time step 7908 (time=19.77), 0.0967081 s/step
on time step 7951 (time=19.8775), 0.0943657 s/step
on time step 7992 (time=19.98), 0.0989014 s/step
field decay(t = 20.0025): 0.0001809300566681209 / 0.240184810133906 = 0.0007532951670309632
on time step 8034 (time=20.085), 0.0966101 s/step
on time step 8077 (time=20.1925), 0.0944765 s/step
on time step 8119 (time=20.2975), 0.0964137 s/step
on time step 8162 (time=20.405), 0.0947275 s/step
on time step 8204 (time=20.51), 0.0958796 s/step
on time step 8246 (time=20.615), 0.0973959 s/step
on time step 8289 (time=20.7225), 0.094814 s/step
on time step 8331 (time=20.8275), 0.0973611 s/step
on time step 8373 (time=20.9325), 0.0960771 s/step
on time step 8413 (time=21.0325), 0.100598 s/step
on time step 8455 (time=21.1375), 0.0972176 s/step
on time step 8497 (time=21.2425), 0.0962103 s/step
on time step 8539 (time=21.3475), 0.0969625 s/step
on time step 8581 (time=21.4525), 0.0959157 s/step
on time step 8622 (time=21.555), 0.0976865 s/step
on time step 8664 (time=21.66), 0.0967784 s/step
on time step 8706 (time=21.765), 0.0953904 s/step
on time step 8749 (time=21.8725), 0.0954207 s/step
on time step 8791 (time=21.9775), 0.0963577 s/step
on time step 8834 (time=22.085), 0.095041 s/step
on time step 8876 (time=22.19), 0.0954594 s/step
on time step 8919 (time=22.2975), 0.0941753 s/step
on time step 8961 (time=22.4025), 0.0960845 s/step
on time step 9004 (time=22.51), 0.0951368 s/step
on time step 9047 (time=22.6175), 0.0946592 s/step
on time step 9090 (time=22.725), 0.0942157 s/step
on time step 9133 (time=22.8325), 0.0941935 s/step
on time step 9176 (time=22.94), 0.0940729 s/step
on time step 9215 (time=23.0375), 0.104779 s/step
on time step 9256 (time=23.14), 0.0976523 s/step
on time step 9297 (time=23.2425), 0.0981132 s/step
on time step 9339 (time=23.3475), 0.0968064 s/step
on time step 9381 (time=23.4525), 0.0961919 s/step
on time step 9422 (time=23.555), 0.098936 s/step
on time step 9464 (time=23.66), 0.0955162 s/step
on time step 9505 (time=23.7625), 0.0993407 s/step
on time step 9546 (time=23.865), 0.0979061 s/step
on time step 9585 (time=23.9625), 0.104139 s/step
on time step 9628 (time=24.07), 0.0948065 s/step
on time step 9671 (time=24.1775), 0.0951343 s/step
on time step 9714 (time=24.285), 0.0951407 s/step
on time step 9755 (time=24.3875), 0.0975848 s/step
on time step 9798 (time=24.495), 0.0944447 s/step
on time step 9839 (time=24.5975), 0.0985374 s/step
on time step 9882 (time=24.705), 0.094684 s/step
on time step 9923 (time=24.8075), 0.0983012 s/step
on time step 9964 (time=24.91), 0.0996667 s/step
on time step 10007 (time=25.0175), 0.0947385 s/step
on time step 10050 (time=25.125), 0.0946605 s/step
on time step 10091 (time=25.2275), 0.0988135 s/step
on time step 10133 (time=25.3325), 0.0961827 s/step
on time step 10175 (time=25.4375), 0.0956653 s/step
on time step 10216 (time=25.54), 0.0989856 s/step
on time step 10259 (time=25.6475), 0.0945329 s/step
on time step 10300 (time=25.75), 0.0993694 s/step
on time step 10340 (time=25.85), 0.102512 s/step
on time step 10382 (time=25.955), 0.0966726 s/step
on time step 10423 (time=26.0575), 0.0985514 s/step
on time step 10466 (time=26.165), 0.0944743 s/step
on time step 10509 (time=26.2725), 0.0943746 s/step
on time step 10552 (time=26.38), 0.09418 s/step
on time step 10595 (time=26.4875), 0.0942453 s/step
on time step 10638 (time=26.595), 0.0941611 s/step
on time step 10681 (time=26.7025), 0.0950314 s/step
on time step 10724 (time=26.81), 0.0942973 s/step
on time step 10767 (time=26.9175), 0.0941092 s/step
on time step 10810 (time=27.025), 0.0942486 s/step
on time step 10853 (time=27.1325), 0.0945164 s/step
on time step 10896 (time=27.24), 0.0942421 s/step
on time step 10939 (time=27.3475), 0.0941481 s/step
on time step 10982 (time=27.455), 0.0942114 s/step
on time step 11025 (time=27.5625), 0.0945321 s/step
on time step 11068 (time=27.67), 0.0942602 s/step
on time step 11111 (time=27.7775), 0.0944815 s/step
on time step 11154 (time=27.885), 0.0944344 s/step
on time step 11197 (time=27.9925), 0.0945681 s/step
on time step 11240 (time=28.1), 0.0944011 s/step
on time step 11283 (time=28.2075), 0.0943808 s/step
on time step 11326 (time=28.315), 0.0946632 s/step
on time step 11369 (time=28.4225), 0.0944367 s/step
on time step 11412 (time=28.53), 0.0941357 s/step
on time step 11455 (time=28.6375), 0.0940961 s/step
on time step 11498 (time=28.745), 0.0944893 s/step
on time step 11541 (time=28.8525), 0.094295 s/step
on time step 11584 (time=28.96), 0.0942413 s/step
on time step 11627 (time=29.0675), 0.0945234 s/step
on time step 11670 (time=29.175), 0.0943524 s/step
on time step 11713 (time=29.2825), 0.0947437 s/step
on time step 11756 (time=29.39), 0.0943096 s/step
on time step 11799 (time=29.4975), 0.0944436 s/step
on time step 11842 (time=29.605), 0.0944194 s/step
on time step 11885 (time=29.7125), 0.0944828 s/step
on time step 11928 (time=29.82), 0.0944463 s/step
on time step 11971 (time=29.9275), 0.0945254 s/step
field decay(t = 30.005): 4.937035172996018e-18 / 0.240184810133906 = 2.0555151552854486e-17
ldos0:, 2.0, 0.014320743514165986
run 0 finished at t = 30.005 (12002 timesteps)
incident flux slab = [0.025686086722832225]   transmitted flux slab = [0.006033470182903306]   normed transmitted flux= [0.23489254]

Field time usage:
     connecting chunks: 0.277462 s
         time stepping: 1108.15 s
         communicating: 34.7274 s
     outputting fields: 0.342564 s
    Fourier transforming: 11.6322 s
       everything else: 3.08192 s

-----------
Initializing structure...
Working in 2D dimensions.
Computational cell is 8 x 4 x 0 with resolution 200
     block, center = (0,0.0275,0)
          size (1e+20,0.055,1e+20)
          axes (1,0,0), (0,1,0), (0,0,1)
          dielectric constant epsilon diagonal = (1,1,1)
     block, center = (0,0.0275,0)
          size (0.03,0.055,0)
          axes (1,0,0), (0,1,0), (0,0,1)
          dielectric constant epsilon diagonal = (1,1,1)
time for set_epsilon = 3.13456 s
lorentzian susceptibility: frequency=7.32593, gamma=0.738804
lorentzian susceptibility: frequency=6.60165, gamma=0.052426
lorentzian susceptibility: frequency=3.61417, gamma=0.364563
lorentzian susceptibility: frequency=0.658148, gamma=3.13427
drude susceptibility: frequency=1e-10, gamma=0.0387146
-----------
Meep: using output directory 'slab_slit-out'
creating output file "slab_slit-out/ldos_nanoslab_pmp-eps-000000000.h5"...
on time step 40 (time=0.1), 0.101087 s/step
on time step 83 (time=0.2075), 0.0942424 s/step
on time step 126 (time=0.315), 0.0951631 s/step
on time step 169 (time=0.4225), 0.0941422 s/step
on time step 212 (time=0.53), 0.0946236 s/step
on time step 255 (time=0.6375), 0.0941518 s/step
on time step 298 (time=0.745), 0.0945317 s/step
on time step 341 (time=0.8525), 0.0948565 s/step
on time step 384 (time=0.96), 0.0944847 s/step
on time step 427 (time=1.0675), 0.0943626 s/step
on time step 470 (time=1.175), 0.094652 s/step
on time step 513 (time=1.2825), 0.0948323 s/step
on time step 555 (time=1.3875), 0.0961119 s/step
on time step 597 (time=1.4925), 0.096229 s/step
on time step 639 (time=1.5975), 0.0958173 s/step
on time step 682 (time=1.705), 0.094113 s/step
on time step 725 (time=1.8125), 0.0943243 s/step
on time step 768 (time=1.92), 0.0941807 s/step
on time step 811 (time=2.0275), 0.0944444 s/step
on time step 854 (time=2.135), 0.09465 s/step
on time step 897 (time=2.2425), 0.0940422 s/step
on time step 940 (time=2.35), 0.0941113 s/step
on time step 983 (time=2.4575), 0.0943847 s/step
on time step 1026 (time=2.565), 0.0940274 s/step
on time step 1069 (time=2.6725), 0.0948625 s/step
on time step 1112 (time=2.78), 0.0942297 s/step
on time step 1155 (time=2.8875), 0.094446 s/step
on time step 1198 (time=2.995), 0.0944514 s/step
on time step 1241 (time=3.1025), 0.0944017 s/step
on time step 1284 (time=3.21), 0.0939045 s/step
on time step 1327 (time=3.3175), 0.0942337 s/step
on time step 1370 (time=3.425), 0.0942009 s/step
on time step 1413 (time=3.5325), 0.0940964 s/step
on time step 1456 (time=3.64), 0.0939998 s/step
on time step 1499 (time=3.7475), 0.094717 s/step
on time step 1542 (time=3.855), 0.094259 s/step
on time step 1585 (time=3.9625), 0.0940777 s/step
on time step 1628 (time=4.07), 0.0942146 s/step
on time step 1671 (time=4.1775), 0.0944653 s/step
on time step 1714 (time=4.285), 0.0942953 s/step
on time step 1757 (time=4.3925), 0.0940836 s/step
on time step 1800 (time=4.5), 0.0941841 s/step
on time step 1843 (time=4.6075), 0.0940747 s/step
on time step 1886 (time=4.715), 0.094182 s/step
on time step 1929 (time=4.8225), 0.0942937 s/step
on time step 1972 (time=4.93), 0.0945881 s/step
on time step 2015 (time=5.0375), 0.0943831 s/step
on time step 2058 (time=5.145), 0.0941185 s/step
on time step 2101 (time=5.2525), 0.0943777 s/step
on time step 2144 (time=5.36), 0.0943607 s/step
on time step 2187 (time=5.4675), 0.0943975 s/step
on time step 2230 (time=5.575), 0.0943212 s/step
on time step 2273 (time=5.6825), 0.0945991 s/step
on time step 2316 (time=5.79), 0.0943256 s/step
on time step 2359 (time=5.8975), 0.0941618 s/step
on time step 2402 (time=6.005), 0.0944398 s/step
on time step 2445 (time=6.1125), 0.0944288 s/step
on time step 2488 (time=6.22), 0.0938993 s/step
on time step 2531 (time=6.3275), 0.0940276 s/step
on time step 2574 (time=6.435), 0.0942504 s/step
on time step 2617 (time=6.5425), 0.0940976 s/step
on time step 2660 (time=6.65), 0.0943316 s/step
on time step 2703 (time=6.7575), 0.0942404 s/step
on time step 2746 (time=6.865), 0.0941724 s/step
on time step 2789 (time=6.9725), 0.0943592 s/step
on time step 2832 (time=7.08), 0.0941571 s/step
on time step 2875 (time=7.1875), 0.0940579 s/step
on time step 2918 (time=7.295), 0.0943917 s/step
on time step 2961 (time=7.4025), 0.094293 s/step
on time step 3004 (time=7.51), 0.0943884 s/step
on time step 3047 (time=7.6175), 0.0949046 s/step
on time step 3090 (time=7.725), 0.0948594 s/step
on time step 3133 (time=7.8325), 0.0943355 s/step
on time step 3176 (time=7.94), 0.0942038 s/step
on time step 3219 (time=8.0475), 0.0945989 s/step
on time step 3262 (time=8.155), 0.0946632 s/step
on time step 3305 (time=8.2625), 0.0946067 s/step
on time step 3348 (time=8.37), 0.0947797 s/step
on time step 3391 (time=8.4775), 0.0943606 s/step
on time step 3434 (time=8.585), 0.094133 s/step
on time step 3477 (time=8.6925), 0.0946377 s/step
on time step 3520 (time=8.8), 0.0944545 s/step
on time step 3563 (time=8.9075), 0.0942419 s/step
on time step 3606 (time=9.015), 0.0942097 s/step
on time step 3649 (time=9.1225), 0.0947166 s/step
on time step 3691 (time=9.2275), 0.0956671 s/step
on time step 3734 (time=9.335), 0.0946194 s/step
on time step 3777 (time=9.4425), 0.0941677 s/step
on time step 3820 (time=9.55), 0.0949904 s/step
on time step 3863 (time=9.6575), 0.0942851 s/step
on time step 3906 (time=9.765), 0.0942093 s/step
on time step 3949 (time=9.8725), 0.0945003 s/step
on time step 3992 (time=9.98), 0.0943639 s/step
field decay(t = 10.0025): 0.2235771130899511 / 0.2235771130899511 = 1.0
on time step 4035 (time=10.0875), 0.0942726 s/step
on time step 4078 (time=10.195), 0.0944571 s/step
on time step 4121 (time=10.3025), 0.0941753 s/step
on time step 4164 (time=10.41), 0.0951517 s/step
on time step 4207 (time=10.5175), 0.0943524 s/step
on time step 4250 (time=10.625), 0.0941749 s/step
on time step 4293 (time=10.7325), 0.0943088 s/step
on time step 4336 (time=10.84), 0.0945415 s/step
on time step 4379 (time=10.9475), 0.0941554 s/step
on time step 4422 (time=11.055), 0.0939677 s/step
on time step 4465 (time=11.1625), 0.0937329 s/step
on time step 4508 (time=11.27), 0.0940076 s/step
on time step 4551 (time=11.3775), 0.0947975 s/step
on time step 4594 (time=11.485), 0.0941359 s/step
on time step 4637 (time=11.5925), 0.0945562 s/step
on time step 4678 (time=11.695), 0.0989133 s/step
on time step 4721 (time=11.8025), 0.0943289 s/step
on time step 4764 (time=11.91), 0.093892 s/step
on time step 4807 (time=12.0175), 0.0942369 s/step
on time step 4850 (time=12.125), 0.0940999 s/step
on time step 4893 (time=12.2325), 0.0945088 s/step
on time step 4936 (time=12.34), 0.095027 s/step
on time step 4979 (time=12.4475), 0.0950753 s/step
on time step 5022 (time=12.555), 0.0945863 s/step
on time step 5065 (time=12.6625), 0.0939865 s/step
on time step 5108 (time=12.77), 0.0941476 s/step
on time step 5151 (time=12.8775), 0.0950261 s/step
on time step 5194 (time=12.985), 0.0946834 s/step
on time step 5237 (time=13.0925), 0.0940095 s/step
on time step 5280 (time=13.2), 0.0942144 s/step
on time step 5323 (time=13.3075), 0.09422 s/step
on time step 5366 (time=13.415), 0.0943743 s/step
on time step 5409 (time=13.5225), 0.0941147 s/step
on time step 5452 (time=13.63), 0.0944822 s/step
on time step 5495 (time=13.7375), 0.094139 s/step
on time step 5538 (time=13.845), 0.0948961 s/step
on time step 5581 (time=13.9525), 0.094497 s/step
on time step 5624 (time=14.06), 0.094493 s/step
on time step 5667 (time=14.1675), 0.0944727 s/step
on time step 5710 (time=14.275), 0.0950221 s/step
on time step 5753 (time=14.3825), 0.094134 s/step
on time step 5796 (time=14.49), 0.0943336 s/step
on time step 5839 (time=14.5975), 0.0943441 s/step
on time step 5882 (time=14.705), 0.0940209 s/step
on time step 5925 (time=14.8125), 0.0942823 s/step
on time step 5968 (time=14.92), 0.094578 s/step
on time step 6011 (time=15.0275), 0.0942246 s/step
on time step 6054 (time=15.135), 0.0946292 s/step
on time step 6097 (time=15.2425), 0.0949776 s/step
on time step 6140 (time=15.35), 0.0948497 s/step
